<?xml version='1.0' encoding='UTF-8'?>
<testsuite hostname="i3" name="ApplicationTest" tests="3" errors="0" failures="0" time="0.005">
        <properties>
[...]
</properties>
        <testcase classname="ApplicationTest" name="simpleCheck" time="0.0">
      
    </testcase><testcase classname="ApplicationTest" name="indexShouldContainTheCorrectString" time="0.0">
      
    </testcase><testcase classname="ApplicationTest" name="indexTemplateShouldContainTheStringThatIsPassedToIt" time="0.0">
      
    </testcase>
        <system-out>
          
        </system-out>
        <system-err>
          
        </system-err>
      </testsuite>